# JRE version: Java(TM) SE Runtime Environment (8.0_11-b12) (build 1.8.0_11-b12)
# Java VM: Java HotSpot(TM) 64-Bit Server VM (25.11-b03 mixed mode windows-amd64 compressed oops)
Heap:
 PSYoungGen      total 15360K, used 5814K [0x00000000d5580000, 0x00000000d6780000, 0x0000000100000000)
  eden space 12288K, 45% used [0x00000000d5580000,0x00000000d5aeda50,0x00000000d6180000)
  from space 3072K, 8% used [0x00000000d6480000,0x00000000d64c0000,0x00000000d6780000)
  to   space 3072K, 0% used [0x00000000d6180000,0x00000000d6180000,0x00000000d6480000)
 ParOldGen       total 129536K, used 3676K [0x0000000080000000, 0x0000000087e80000, 0x00000000d5580000)
  object space 129536K, 2% used [0x0000000080000000,0x00000000803972b0,0x0000000087e80000)
 Metaspace       used 15675K, capacity 15952K, committed 16256K, reserved 1062912K
  class space    used 2032K, capacity 2114K, committed 2176K, reserved 1048576K
GC Heap History (10 events):
Event: 0.545 GC heap before
{Heap before GC invocations=6 (full 0):
 PSYoungGen      total 2560K, used 2560K [0x00000000d5580000, 0x00000000d5c80000, 0x0000000100000000)
  eden space 2048K, 100% used [0x00000000d5580000,0x00000000d5780000,0x00000000d5780000)
  from space 512K, 100% used [0x00000000d5780000,0x00000000d5800000,0x00000000d5800000)
  to   space 1536K, 0% used [0x00000000d5b00000,0x00000000d5b00000,0x00000000d5c80000)
 ParOldGen       total 129536K, used 1501K [0x0000000080000000, 0x0000000087e80000, 0x00000000d5580000)
  object space 129536K, 1% used [0x0000000080000000,0x0000000080177750,0x0000000087e80000)
 Metaspace       used 10615K, capacity 10768K, committed 11008K, reserved 1058816K
  class space    used 1385K, capacity 1459K, committed 1536K, reserved 1048576K
Event: 0.547 GC heap after
Heap after GC invocations=6 (full 0):
 PSYoungGen      total 5632K, used 909K [0x00000000d5580000, 0x00000000d5c80000, 0x0000000100000000)
  eden space 4096K, 0% used [0x00000000d5580000,0x00000000d5580000,0x00000000d5980000)
  from space 1536K, 59% used [0x00000000d5b00000,0x00000000d5be3698,0x00000000d5c80000)
  to   space 1536K, 0% used [0x00000000d5980000,0x00000000d5980000,0x00000000d5b00000)
 ParOldGen       total 129536K, used 1501K [0x0000000080000000, 0x0000000087e80000, 0x00000000d5580000)
  object space 129536K, 1% used [0x0000000080000000,0x0000000080177750,0x0000000087e80000)
 Metaspace       used 10615K, capacity 10768K, committed 11008K, reserved 1058816K
  class space    used 1385K, capacity 1459K, committed 1536K, reserved 1048576K
}
Event: 0.834 GC heap before
{Heap before GC invocations=7 (full 0):
 PSYoungGen      total 5632K, used 5003K [0x00000000d5580000, 0x00000000d5c80000, 0x0000000100000000)
  eden space 4096K, 99% used [0x00000000d5580000,0x00000000d597f628,0x00000000d5980000)
  from space 1536K, 59% used [0x00000000d5b00000,0x00000000d5be3698,0x00000000d5c80000)
  to   space 1536K, 0% used [0x00000000d5980000,0x00000000d5980000,0x00000000d5b00000)
 ParOldGen       total 129536K, used 1501K [0x0000000080000000, 0x0000000087e80000, 0x00000000d5580000)
  object space 129536K, 1% used [0x0000000080000000,0x0000000080177750,0x0000000087e80000)
 Metaspace       used 13227K, capacity 13454K, committed 13696K, reserved 1060864K
  class space    used 1773K, capacity 1817K, committed 1920K, reserved 1048576K
Event: 0.841 GC heap after
Heap after GC invocations=7 (full 0):
 PSYoungGen      total 5632K, used 1426K [0x00000000d5580000, 0x00000000d6180000, 0x0000000100000000)
  eden space 4096K, 0% used [0x00000000d5580000,0x00000000d5580000,0x00000000d5980000)
  from space 1536K, 92% used [0x00000000d5980000,0x00000000d5ae49b8,0x00000000d5b00000)
  to   space 2048K, 0% used [0x00000000d5f80000,0x00000000d5f80000,0x00000000d6180000)
 ParOldGen       total 129536K, used 1597K [0x0000000080000000, 0x0000000087e80000, 0x00000000d5580000)
  object space 129536K, 1% used [0x0000000080000000,0x000000008018f750,0x0000000087e80000)
 Metaspace       used 13227K, capacity 13454K, committed 13696K, reserved 1060864K
  class space    used 1773K, capacity 1817K, committed 1920K, reserved 1048576K
}
Event: 0.966 GC heap before
{Heap before GC invocations=8 (full 0):
 PSYoungGen      total 5632K, used 5522K [0x00000000d5580000, 0x00000000d6180000, 0x0000000100000000)
  eden space 4096K, 100% used [0x00000000d5580000,0x00000000d5980000,0x00000000d5980000)
  from space 1536K, 92% used [0x00000000d5980000,0x00000000d5ae49b8,0x00000000d5b00000)
  to   space 2048K, 0% used [0x00000000d5f80000,0x00000000d5f80000,0x00000000d6180000)
 ParOldGen       total 129536K, used 1597K [0x0000000080000000, 0x0000000087e80000, 0x00000000d5580000)
  object space 129536K, 1% used [0x0000000080000000,0x000000008018f750,0x0000000087e80000)
 Metaspace       used 14670K, capacity 14930K, committed 15104K, reserved 1062912K
  class space    used 1928K, capacity 2013K, committed 2048K, reserved 1048576K
Event: 0.969 GC heap after
Heap after GC invocations=8 (full 0):
 PSYoungGen      total 9728K, used 2044K [0x00000000d5580000, 0x00000000d6280000, 0x0000000100000000)
  eden space 7680K, 0% used [0x00000000d5580000,0x00000000d5580000,0x00000000d5d00000)
  from space 2048K, 99% used [0x00000000d5f80000,0x00000000d617f078,0x00000000d6180000)
  to   space 2560K, 0% used [0x00000000d5d00000,0x00000000d5d00000,0x00000000d5f80000)
 ParOldGen       total 129536K, used 1972K [0x0000000080000000, 0x0000000087e80000, 0x00000000d5580000)
  object space 129536K, 1% used [0x0000000080000000,0x00000000801ed198,0x0000000087e80000)
 Metaspace       used 14670K, capacity 14930K, committed 15104K, reserved 1062912K
  class space    used 1928K, capacity 2013K, committed 2048K, reserved 1048576K
}
Event: 1.414 GC heap before
{Heap before GC invocations=9 (full 0):
 PSYoungGen      total 9728K, used 9724K [0x00000000d5580000, 0x00000000d6280000, 0x0000000100000000)
  eden space 7680K, 100% used [0x00000000d5580000,0x00000000d5d00000,0x00000000d5d00000)
  from space 2048K, 99% used [0x00000000d5f80000,0x00000000d617f078,0x00000000d6180000)
  to   space 2560K, 0% used [0x00000000d5d00000,0x00000000d5d00000,0x00000000d5f80000)
 ParOldGen       total 129536K, used 1972K [0x0000000080000000, 0x0000000087e80000, 0x00000000d5580000)
  object space 129536K, 1% used [0x0000000080000000,0x00000000801ed198,0x0000000087e80000)
 Metaspace       used 15474K, capacity 15722K, committed 16000K, reserved 1062912K
  class space    used 2020K, capacity 2081K, committed 2176K, reserved 1048576K
Event: 1.426 GC heap after
Heap after GC invocations=9 (full 0):
 PSYoungGen      total 10240K, used 2471K [0x00000000d5580000, 0x00000000d6780000, 0x0000000100000000)
  eden space 7680K, 0% used [0x00000000d5580000,0x00000000d5580000,0x00000000d5d00000)
  from space 2560K, 96% used [0x00000000d5d00000,0x00000000d5f69c28,0x00000000d5f80000)
  to   space 3072K, 0% used [0x00000000d6480000,0x00000000d6480000,0x00000000d6780000)
 ParOldGen       total 129536K, used 2364K [0x0000000080000000, 0x0000000087e80000, 0x00000000d5580000)
  object space 129536K, 1% used [0x0000000080000000,0x000000008024f198,0x0000000087e80000)
 Metaspace       used 15474K, capacity 15722K, committed 16000K, reserved 1062912K
  class space    used 2020K, capacity 2081K, committed 2176K, reserved 1048576K
}
Event: 2.199 GC heap before
{Heap before GC invocations=10 (full 0):
 PSYoungGen      total 10240K, used 10151K [0x00000000d5580000, 0x00000000d6780000, 0x0000000100000000)
  eden space 7680K, 100% used [0x00000000d5580000,0x00000000d5d00000,0x00000000d5d00000)
  from space 2560K, 96% used [0x00000000d5d00000,0x00000000d5f69c28,0x00000000d5f80000)
  to   space 3072K, 0% used [0x00000000d6480000,0x00000000d6480000,0x00000000d6780000)
 ParOldGen       total 129536K, used 2364K [0x0000000080000000, 0x0000000087e80000, 0x00000000d5580000)
  object space 129536K, 1% used [0x0000000080000000,0x000000008024f198,0x0000000087e80000)
 Metaspace       used 15656K, capacity 15888K, committed 16256K, reserved 1062912K
  class space    used 2031K, capacity 2114K, committed 2176K, reserved 1048576K
Event: 2.201 GC heap after
Heap after GC invocations=10 (full 0):
 PSYoungGen      total 15360K, used 256K [0x00000000d5580000, 0x00000000d6780000, 0x0000000100000000)
  eden space 12288K, 0% used [0x00000000d5580000,0x00000000d5580000,0x00000000d6180000)
  from space 3072K, 8% used [0x00000000d6480000,0x00000000d64c0000,0x00000000d6780000)
  to   space 3072K, 0% used [0x00000000d6180000,0x00000000d6180000,0x00000000d6480000)
 ParOldGen       total 129536K, used 3676K [0x0000000080000000, 0x0000000087e80000, 0x00000000d5580000)
  object space 129536K, 2% used [0x0000000080000000,0x00000000803972b0,0x0000000087e80000)
 Metaspace       used 15656K, capacity 15888K, committed 16256K, reserved 1062912K
  class space    used 2031K, capacity 2114K, committed 2176K, reserved 1048576K
}

