# JRE version: Java(TM) SE Runtime Environment (8.0_11-b12) (build 1.8.0_11-b12)
# Java VM: Java HotSpot(TM) 64-Bit Server VM (25.11-b03 mixed mode windows-amd64 compressed oops)
Heap:
 PSYoungGen      total 10752K, used 5286K [0x00000000d5b00000, 0x00000000d6a00000, 0x0000000100000000)
  eden space 10240K, 51% used [0x00000000d5b00000,0x00000000d6021a08,0x00000000d6500000)
  from space 512K, 6% used [0x00000000d6980000,0x00000000d6988000,0x00000000d6a00000)
  to   space 512K, 0% used [0x00000000d6900000,0x00000000d6900000,0x00000000d6980000)
 ParOldGen       total 129536K, used 4100K [0x0000000081000000, 0x0000000088e80000, 0x00000000d5b00000)
  object space 129536K, 3% used [0x0000000081000000,0x0000000081401020,0x0000000088e80000)
 Metaspace       used 16216K, capacity 16408K, committed 16768K, reserved 1064960K
  class space    used 2059K, capacity 2122K, committed 2176K, reserved 1048576K
GC Heap History (10 events):
Event: 775.057 GC heap before
{Heap before GC invocations=568 (full 0):
 PSYoungGen      total 10752K, used 10272K [0x00000000d5b00000, 0x00000000d6a00000, 0x0000000100000000)
  eden space 10240K, 100% used [0x00000000d5b00000,0x00000000d6500000,0x00000000d6500000)
  from space 512K, 6% used [0x00000000d6900000,0x00000000d6908000,0x00000000d6980000)
  to   space 512K, 0% used [0x00000000d6980000,0x00000000d6980000,0x00000000d6a00000)
 ParOldGen       total 129536K, used 4100K [0x0000000081000000, 0x0000000088e80000, 0x00000000d5b00000)
  object space 129536K, 3% used [0x0000000081000000,0x0000000081401020,0x0000000088e80000)
 Metaspace       used 16205K, capacity 16408K, committed 16768K, reserved 1064960K
  class space    used 2058K, capacity 2122K, committed 2176K, reserved 1048576K
Event: 775.058 GC heap after
Heap after GC invocations=568 (full 0):
 PSYoungGen      total 10752K, used 64K [0x00000000d5b00000, 0x00000000d6a00000, 0x0000000100000000)
  eden space 10240K, 0% used [0x00000000d5b00000,0x00000000d5b00000,0x00000000d6500000)
  from space 512K, 12% used [0x00000000d6980000,0x00000000d6990000,0x00000000d6a00000)
  to   space 512K, 0% used [0x00000000d6900000,0x00000000d6900000,0x00000000d6980000)
 ParOldGen       total 129536K, used 4100K [0x0000000081000000, 0x0000000088e80000, 0x00000000d5b00000)
  object space 129536K, 3% used [0x0000000081000000,0x0000000081401020,0x0000000088e80000)
 Metaspace       used 16205K, capacity 16408K, committed 16768K, reserved 1064960K
  class space    used 2058K, capacity 2122K, committed 2176K, reserved 1048576K
}
Event: 776.329 GC heap before
{Heap before GC invocations=569 (full 0):
 PSYoungGen      total 10752K, used 10304K [0x00000000d5b00000, 0x00000000d6a00000, 0x0000000100000000)
  eden space 10240K, 100% used [0x00000000d5b00000,0x00000000d6500000,0x00000000d6500000)
  from space 512K, 12% used [0x00000000d6980000,0x00000000d6990000,0x00000000d6a00000)
  to   space 512K, 0% used [0x00000000d6900000,0x00000000d6900000,0x00000000d6980000)
 ParOldGen       total 129536K, used 4100K [0x0000000081000000, 0x0000000088e80000, 0x00000000d5b00000)
  object space 129536K, 3% used [0x0000000081000000,0x0000000081401020,0x0000000088e80000)
 Metaspace       used 16205K, capacity 16408K, committed 16768K, reserved 1064960K
  class space    used 2058K, capacity 2122K, committed 2176K, reserved 1048576K
Event: 776.329 GC heap after
Heap after GC invocations=569 (full 0):
 PSYoungGen      total 10752K, used 64K [0x00000000d5b00000, 0x00000000d6a00000, 0x0000000100000000)
  eden space 10240K, 0% used [0x00000000d5b00000,0x00000000d5b00000,0x00000000d6500000)
  from space 512K, 12% used [0x00000000d6900000,0x00000000d6910000,0x00000000d6980000)
  to   space 512K, 0% used [0x00000000d6980000,0x00000000d6980000,0x00000000d6a00000)
 ParOldGen       total 129536K, used 4100K [0x0000000081000000, 0x0000000088e80000, 0x00000000d5b00000)
  object space 129536K, 3% used [0x0000000081000000,0x0000000081401020,0x0000000088e80000)
 Metaspace       used 16205K, capacity 16408K, committed 16768K, reserved 1064960K
  class space    used 2058K, capacity 2122K, committed 2176K, reserved 1048576K
}
Event: 777.611 GC heap before
{Heap before GC invocations=570 (full 0):
 PSYoungGen      total 10752K, used 10304K [0x00000000d5b00000, 0x00000000d6a00000, 0x0000000100000000)
  eden space 10240K, 100% used [0x00000000d5b00000,0x00000000d6500000,0x00000000d6500000)
  from space 512K, 12% used [0x00000000d6900000,0x00000000d6910000,0x00000000d6980000)
  to   space 512K, 0% used [0x00000000d6980000,0x00000000d6980000,0x00000000d6a00000)
 ParOldGen       total 129536K, used 4100K [0x0000000081000000, 0x0000000088e80000, 0x00000000d5b00000)
  object space 129536K, 3% used [0x0000000081000000,0x0000000081401020,0x0000000088e80000)
 Metaspace       used 16205K, capacity 16408K, committed 16768K, reserved 1064960K
  class space    used 2058K, capacity 2122K, committed 2176K, reserved 1048576K
Event: 777.612 GC heap after
Heap after GC invocations=570 (full 0):
 PSYoungGen      total 10752K, used 64K [0x00000000d5b00000, 0x00000000d6a00000, 0x0000000100000000)
  eden space 10240K, 0% used [0x00000000d5b00000,0x00000000d5b00000,0x00000000d6500000)
  from space 512K, 12% used [0x00000000d6980000,0x00000000d6990000,0x00000000d6a00000)
  to   space 512K, 0% used [0x00000000d6900000,0x00000000d6900000,0x00000000d6980000)
 ParOldGen       total 129536K, used 4100K [0x0000000081000000, 0x0000000088e80000, 0x00000000d5b00000)
  object space 129536K, 3% used [0x0000000081000000,0x0000000081401020,0x0000000088e80000)
 Metaspace       used 16205K, capacity 16408K, committed 16768K, reserved 1064960K
  class space    used 2058K, capacity 2122K, committed 2176K, reserved 1048576K
}
Event: 778.916 GC heap before
{Heap before GC invocations=571 (full 0):
 PSYoungGen      total 10752K, used 10304K [0x00000000d5b00000, 0x00000000d6a00000, 0x0000000100000000)
  eden space 10240K, 100% used [0x00000000d5b00000,0x00000000d6500000,0x00000000d6500000)
  from space 512K, 12% used [0x00000000d6980000,0x00000000d6990000,0x00000000d6a00000)
  to   space 512K, 0% used [0x00000000d6900000,0x00000000d6900000,0x00000000d6980000)
 ParOldGen       total 129536K, used 4100K [0x0000000081000000, 0x0000000088e80000, 0x00000000d5b00000)
  object space 129536K, 3% used [0x0000000081000000,0x0000000081401020,0x0000000088e80000)
 Metaspace       used 16207K, capacity 16408K, committed 16768K, reserved 1064960K
  class space    used 2058K, capacity 2122K, committed 2176K, reserved 1048576K
Event: 778.917 GC heap after
Heap after GC invocations=571 (full 0):
 PSYoungGen      total 10752K, used 64K [0x00000000d5b00000, 0x00000000d6a00000, 0x0000000100000000)
  eden space 10240K, 0% used [0x00000000d5b00000,0x00000000d5b00000,0x00000000d6500000)
  from space 512K, 12% used [0x00000000d6900000,0x00000000d6910000,0x00000000d6980000)
  to   space 512K, 0% used [0x00000000d6980000,0x00000000d6980000,0x00000000d6a00000)
 ParOldGen       total 129536K, used 4100K [0x0000000081000000, 0x0000000088e80000, 0x00000000d5b00000)
  object space 129536K, 3% used [0x0000000081000000,0x0000000081401020,0x0000000088e80000)
 Metaspace       used 16207K, capacity 16408K, committed 16768K, reserved 1064960K
  class space    used 2058K, capacity 2122K, committed 2176K, reserved 1048576K
}
Event: 780.414 GC heap before
{Heap before GC invocations=572 (full 0):
 PSYoungGen      total 10752K, used 10304K [0x00000000d5b00000, 0x00000000d6a00000, 0x0000000100000000)
  eden space 10240K, 100% used [0x00000000d5b00000,0x00000000d6500000,0x00000000d6500000)
  from space 512K, 12% used [0x00000000d6900000,0x00000000d6910000,0x00000000d6980000)
  to   space 512K, 0% used [0x00000000d6980000,0x00000000d6980000,0x00000000d6a00000)
 ParOldGen       total 129536K, used 4100K [0x0000000081000000, 0x0000000088e80000, 0x00000000d5b00000)
  object space 129536K, 3% used [0x0000000081000000,0x0000000081401020,0x0000000088e80000)
 Metaspace       used 16208K, capacity 16408K, committed 16768K, reserved 1064960K
  class space    used 2058K, capacity 2122K, committed 2176K, reserved 1048576K
Event: 780.417 GC heap after
Heap after GC invocations=572 (full 0):
 PSYoungGen      total 10752K, used 32K [0x00000000d5b00000, 0x00000000d6a00000, 0x0000000100000000)
  eden space 10240K, 0% used [0x00000000d5b00000,0x00000000d5b00000,0x00000000d6500000)
  from space 512K, 6% used [0x00000000d6980000,0x00000000d6988000,0x00000000d6a00000)
  to   space 512K, 0% used [0x00000000d6900000,0x00000000d6900000,0x00000000d6980000)
 ParOldGen       total 129536K, used 4100K [0x0000000081000000, 0x0000000088e80000, 0x00000000d5b00000)
  object space 129536K, 3% used [0x0000000081000000,0x0000000081401020,0x0000000088e80000)
 Metaspace       used 16208K, capacity 16408K, committed 16768K, reserved 1064960K
  class space    used 2058K, capacity 2122K, committed 2176K, reserved 1048576K
}

