# JRE version: Java(TM) SE Runtime Environment (8.0_11-b12) (build 1.8.0_11-b12)
# Java VM: Java HotSpot(TM) 64-Bit Server VM (25.11-b03 mixed mode windows-amd64 compressed oops)
Heap:
 PSYoungGen      total 65536K, used 3007K [0x00000000d5580000, 0x00000000d9d80000, 0x0000000100000000)
  eden space 62976K, 4% used [0x00000000d5580000,0x00000000d5857e00,0x00000000d9300000)
  from space 2560K, 3% used [0x00000000d9880000,0x00000000d9898000,0x00000000d9b00000)
  to   space 2048K, 0% used [0x00000000d9b80000,0x00000000d9b80000,0x00000000d9d80000)
 ParOldGen       total 129536K, used 4068K [0x0000000080000000, 0x0000000087e80000, 0x00000000d5580000)
  object space 129536K, 3% used [0x0000000080000000,0x00000000803f93e0,0x0000000087e80000)
 Metaspace       used 16264K, capacity 16496K, committed 16768K, reserved 1064960K
  class space    used 2062K, capacity 2146K, committed 2176K, reserved 1048576K
GC Heap History (10 events):
Event: 24.760 GC heap before
{Heap before GC invocations=17 (full 0):
 PSYoungGen      total 54272K, used 51808K [0x00000000d5580000, 0x00000000d8d00000, 0x0000000100000000)
  eden space 51712K, 100% used [0x00000000d5580000,0x00000000d8800000,0x00000000d8800000)
  from space 2560K, 3% used [0x00000000d8a80000,0x00000000d8a98000,0x00000000d8d00000)
  to   space 2560K, 0% used [0x00000000d8800000,0x00000000d8800000,0x00000000d8a80000)
 ParOldGen       total 129536K, used 3996K [0x0000000080000000, 0x0000000087e80000, 0x00000000d5580000)
  object space 129536K, 3% used [0x0000000080000000,0x00000000803e73e0,0x0000000087e80000)
 Metaspace       used 16184K, capacity 16400K, committed 16768K, reserved 1064960K
  class space    used 2059K, capacity 2114K, committed 2176K, reserved 1048576K
Event: 24.761 GC heap after
Heap after GC invocations=17 (full 0):
 PSYoungGen      total 54272K, used 128K [0x00000000d5580000, 0x00000000da180000, 0x0000000100000000)
  eden space 51712K, 0% used [0x00000000d5580000,0x00000000d5580000,0x00000000d8800000)
  from space 2560K, 5% used [0x00000000d8800000,0x00000000d8820000,0x00000000d8a80000)
  to   space 2560K, 0% used [0x00000000d9f00000,0x00000000d9f00000,0x00000000da180000)
 ParOldGen       total 129536K, used 4004K [0x0000000080000000, 0x0000000087e80000, 0x00000000d5580000)
  object space 129536K, 3% used [0x0000000080000000,0x00000000803e93e0,0x0000000087e80000)
 Metaspace       used 16184K, capacity 16400K, committed 16768K, reserved 1064960K
  class space    used 2059K, capacity 2114K, committed 2176K, reserved 1048576K
}
Event: 31.211 GC heap before
{Heap before GC invocations=18 (full 0):
 PSYoungGen      total 54272K, used 51840K [0x00000000d5580000, 0x00000000da180000, 0x0000000100000000)
  eden space 51712K, 100% used [0x00000000d5580000,0x00000000d8800000,0x00000000d8800000)
  from space 2560K, 5% used [0x00000000d8800000,0x00000000d8820000,0x00000000d8a80000)
  to   space 2560K, 0% used [0x00000000d9f00000,0x00000000d9f00000,0x00000000da180000)
 ParOldGen       total 129536K, used 4004K [0x0000000080000000, 0x0000000087e80000, 0x00000000d5580000)
  object space 129536K, 3% used [0x0000000080000000,0x00000000803e93e0,0x0000000087e80000)
 Metaspace       used 16208K, capacity 16400K, committed 16768K, reserved 1064960K
  class space    used 2059K, capacity 2114K, committed 2176K, reserved 1048576K
Event: 31.212 GC heap after
Heap after GC invocations=18 (full 0):
 PSYoungGen      total 75264K, used 64K [0x00000000d5580000, 0x00000000da180000, 0x0000000100000000)
  eden space 72704K, 0% used [0x00000000d5580000,0x00000000d5580000,0x00000000d9c80000)
  from space 2560K, 2% used [0x00000000d9f00000,0x00000000d9f10000,0x00000000da180000)
  to   space 2560K, 0% used [0x00000000d9c80000,0x00000000d9c80000,0x00000000d9f00000)
 ParOldGen       total 129536K, used 4012K [0x0000000080000000, 0x0000000087e80000, 0x00000000d5580000)
  object space 129536K, 3% used [0x0000000080000000,0x00000000803eb3e0,0x0000000087e80000)
 Metaspace       used 16208K, capacity 16400K, committed 16768K, reserved 1064960K
  class space    used 2059K, capacity 2114K, committed 2176K, reserved 1048576K
}
Event: 40.161 GC heap before
{Heap before GC invocations=19 (full 0):
 PSYoungGen      total 75264K, used 72768K [0x00000000d5580000, 0x00000000da180000, 0x0000000100000000)
  eden space 72704K, 100% used [0x00000000d5580000,0x00000000d9c80000,0x00000000d9c80000)
  from space 2560K, 2% used [0x00000000d9f00000,0x00000000d9f10000,0x00000000da180000)
  to   space 2560K, 0% used [0x00000000d9c80000,0x00000000d9c80000,0x00000000d9f00000)
 ParOldGen       total 129536K, used 4012K [0x0000000080000000, 0x0000000087e80000, 0x00000000d5580000)
  object space 129536K, 3% used [0x0000000080000000,0x00000000803eb3e0,0x0000000087e80000)
 Metaspace       used 16224K, capacity 16432K, committed 16768K, reserved 1064960K
  class space    used 2061K, capacity 2146K, committed 2176K, reserved 1048576K
Event: 40.162 GC heap after
Heap after GC invocations=19 (full 0):
 PSYoungGen      total 69632K, used 128K [0x00000000d5580000, 0x00000000d9f80000, 0x0000000100000000)
  eden space 69120K, 0% used [0x00000000d5580000,0x00000000d5580000,0x00000000d9900000)
  from space 512K, 25% used [0x00000000d9c80000,0x00000000d9ca0000,0x00000000d9d00000)
  to   space 2560K, 0% used [0x00000000d9d00000,0x00000000d9d00000,0x00000000d9f80000)
 ParOldGen       total 129536K, used 4028K [0x0000000080000000, 0x0000000087e80000, 0x00000000d5580000)
  object space 129536K, 3% used [0x0000000080000000,0x00000000803ef3e0,0x0000000087e80000)
 Metaspace       used 16224K, capacity 16432K, committed 16768K, reserved 1064960K
  class space    used 2061K, capacity 2146K, committed 2176K, reserved 1048576K
}
Event: 48.716 GC heap before
{Heap before GC invocations=20 (full 0):
 PSYoungGen      total 69632K, used 69248K [0x00000000d5580000, 0x00000000d9f80000, 0x0000000100000000)
  eden space 69120K, 100% used [0x00000000d5580000,0x00000000d9900000,0x00000000d9900000)
  from space 512K, 25% used [0x00000000d9c80000,0x00000000d9ca0000,0x00000000d9d00000)
  to   space 2560K, 0% used [0x00000000d9d00000,0x00000000d9d00000,0x00000000d9f80000)
 ParOldGen       total 129536K, used 4028K [0x0000000080000000, 0x0000000087e80000, 0x00000000d5580000)
  object space 129536K, 3% used [0x0000000080000000,0x00000000803ef3e0,0x0000000087e80000)
 Metaspace       used 16235K, capacity 16496K, committed 16768K, reserved 1064960K
  class space    used 2061K, capacity 2146K, committed 2176K, reserved 1048576K
Event: 48.717 GC heap after
Heap after GC invocations=20 (full 0):
 PSYoungGen      total 66560K, used 128K [0x00000000d5580000, 0x00000000d9d80000, 0x0000000100000000)
  eden space 66048K, 0% used [0x00000000d5580000,0x00000000d5580000,0x00000000d9600000)
  from space 512K, 25% used [0x00000000d9d00000,0x00000000d9d20000,0x00000000d9d80000)
  to   space 2560K, 0% used [0x00000000d9880000,0x00000000d9880000,0x00000000d9b00000)
 ParOldGen       total 129536K, used 4060K [0x0000000080000000, 0x0000000087e80000, 0x00000000d5580000)
  object space 129536K, 3% used [0x0000000080000000,0x00000000803f73e0,0x0000000087e80000)
 Metaspace       used 16235K, capacity 16496K, committed 16768K, reserved 1064960K
  class space    used 2061K, capacity 2146K, committed 2176K, reserved 1048576K
}
Event: 56.760 GC heap before
{Heap before GC invocations=21 (full 0):
 PSYoungGen      total 66560K, used 66176K [0x00000000d5580000, 0x00000000d9d80000, 0x0000000100000000)
  eden space 66048K, 100% used [0x00000000d5580000,0x00000000d9600000,0x00000000d9600000)
  from space 512K, 25% used [0x00000000d9d00000,0x00000000d9d20000,0x00000000d9d80000)
  to   space 2560K, 0% used [0x00000000d9880000,0x00000000d9880000,0x00000000d9b00000)
 ParOldGen       total 129536K, used 4060K [0x0000000080000000, 0x0000000087e80000, 0x00000000d5580000)
  object space 129536K, 3% used [0x0000000080000000,0x00000000803f73e0,0x0000000087e80000)
 Metaspace       used 16256K, capacity 16496K, committed 16768K, reserved 1064960K
  class space    used 2061K, capacity 2146K, committed 2176K, reserved 1048576K
Event: 56.760 GC heap after
Heap after GC invocations=21 (full 0):
 PSYoungGen      total 65536K, used 96K [0x00000000d5580000, 0x00000000d9d80000, 0x0000000100000000)
  eden space 62976K, 0% used [0x00000000d5580000,0x00000000d5580000,0x00000000d9300000)
  from space 2560K, 3% used [0x00000000d9880000,0x00000000d9898000,0x00000000d9b00000)
  to   space 2048K, 0% used [0x00000000d9b80000,0x00000000d9b80000,0x00000000d9d80000)
 ParOldGen       total 129536K, used 4068K [0x0000000080000000, 0x0000000087e80000, 0x00000000d5580000)
  object space 129536K, 3% used [0x0000000080000000,0x00000000803f93e0,0x0000000087e80000)
 Metaspace       used 16256K, capacity 16496K, committed 16768K, reserved 1064960K
  class space    used 2061K, capacity 2146K, committed 2176K, reserved 1048576K
}

