# JRE version: Java(TM) SE Runtime Environment (8.0_11-b12) (build 1.8.0_11-b12)
# Java VM: Java HotSpot(TM) 64-Bit Server VM (25.11-b03 mixed mode windows-amd64 compressed oops)
Heap:
 PSYoungGen      total 16896K, used 4173K [0x00000000d5580000, 0x00000000d6a80000, 0x0000000100000000)
  eden space 16384K, 24% used [0x00000000d5580000,0x00000000d5973508,0x00000000d6580000)
  from space 512K, 25% used [0x00000000d6600000,0x00000000d6620000,0x00000000d6680000)
  to   space 2560K, 0% used [0x00000000d6800000,0x00000000d6800000,0x00000000d6a80000)
 ParOldGen       total 129536K, used 4051K [0x0000000080000000, 0x0000000087e80000, 0x00000000d5580000)
  object space 129536K, 3% used [0x0000000080000000,0x00000000803f4d00,0x0000000087e80000)
 Metaspace       used 15834K, capacity 16080K, committed 16512K, reserved 1062912K
  class space    used 2034K, capacity 2114K, committed 2176K, reserved 1048576K
GC Heap History (10 events):
Event: 11.632 GC heap before
{Heap before GC invocations=15 (full 0):
 PSYoungGen      total 21504K, used 19072K [0x00000000d5580000, 0x00000000d6e00000, 0x0000000100000000)
  eden space 18944K, 100% used [0x00000000d5580000,0x00000000d6800000,0x00000000d6800000)
  from space 2560K, 5% used [0x00000000d6b80000,0x00000000d6ba0000,0x00000000d6e00000)
  to   space 3072K, 0% used [0x00000000d6800000,0x00000000d6800000,0x00000000d6b00000)
 ParOldGen       total 129536K, used 3939K [0x0000000080000000, 0x0000000087e80000, 0x00000000d5580000)
  object space 129536K, 3% used [0x0000000080000000,0x00000000803d8d00,0x0000000087e80000)
 Metaspace       used 15761K, capacity 16016K, committed 16256K, reserved 1062912K
  class space    used 2033K, capacity 2114K, committed 2176K, reserved 1048576K
Event: 11.632 GC heap after
Heap after GC invocations=15 (full 0):
 PSYoungGen      total 18944K, used 96K [0x00000000d5580000, 0x00000000d6c80000, 0x0000000100000000)
  eden space 18432K, 0% used [0x00000000d5580000,0x00000000d5580000,0x00000000d6780000)
  from space 512K, 18% used [0x00000000d6800000,0x00000000d6818000,0x00000000d6880000)
  to   space 2560K, 0% used [0x00000000d6a00000,0x00000000d6a00000,0x00000000d6c80000)
 ParOldGen       total 129536K, used 3963K [0x0000000080000000, 0x0000000087e80000, 0x00000000d5580000)
  object space 129536K, 3% used [0x0000000080000000,0x00000000803ded00,0x0000000087e80000)
 Metaspace       used 15761K, capacity 16016K, committed 16256K, reserved 1062912K
  class space    used 2033K, capacity 2114K, committed 2176K, reserved 1048576K
}
Event: 13.902 GC heap before
{Heap before GC invocations=16 (full 0):
 PSYoungGen      total 18944K, used 18528K [0x00000000d5580000, 0x00000000d6c80000, 0x0000000100000000)
  eden space 18432K, 100% used [0x00000000d5580000,0x00000000d6780000,0x00000000d6780000)
  from space 512K, 18% used [0x00000000d6800000,0x00000000d6818000,0x00000000d6880000)
  to   space 2560K, 0% used [0x00000000d6a00000,0x00000000d6a00000,0x00000000d6c80000)
 ParOldGen       total 129536K, used 3963K [0x0000000080000000, 0x0000000087e80000, 0x00000000d5580000)
  object space 129536K, 3% used [0x0000000080000000,0x00000000803ded00,0x0000000087e80000)
 Metaspace       used 15793K, capacity 16016K, committed 16256K, reserved 1062912K
  class space    used 2033K, capacity 2114K, committed 2176K, reserved 1048576K
Event: 13.902 GC heap after
Heap after GC invocations=16 (full 0):
 PSYoungGen      total 19968K, used 128K [0x00000000d5580000, 0x00000000d6c00000, 0x0000000100000000)
  eden space 17920K, 0% used [0x00000000d5580000,0x00000000d5580000,0x00000000d6700000)
  from space 2048K, 6% used [0x00000000d6a00000,0x00000000d6a20000,0x00000000d6c00000)
  to   space 2560K, 0% used [0x00000000d6700000,0x00000000d6700000,0x00000000d6980000)
 ParOldGen       total 129536K, used 3987K [0x0000000080000000, 0x0000000087e80000, 0x00000000d5580000)
  object space 129536K, 3% used [0x0000000080000000,0x00000000803e4d00,0x0000000087e80000)
 Metaspace       used 15793K, capacity 16016K, committed 16256K, reserved 1062912K
  class space    used 2033K, capacity 2114K, committed 2176K, reserved 1048576K
}
Event: 16.097 GC heap before
{Heap before GC invocations=17 (full 0):
 PSYoungGen      total 19968K, used 18048K [0x00000000d5580000, 0x00000000d6c00000, 0x0000000100000000)
  eden space 17920K, 100% used [0x00000000d5580000,0x00000000d6700000,0x00000000d6700000)
  from space 2048K, 6% used [0x00000000d6a00000,0x00000000d6a20000,0x00000000d6c00000)
  to   space 2560K, 0% used [0x00000000d6700000,0x00000000d6700000,0x00000000d6980000)
 ParOldGen       total 129536K, used 3987K [0x0000000080000000, 0x0000000087e80000, 0x00000000d5580000)
  object space 129536K, 3% used [0x0000000080000000,0x00000000803e4d00,0x0000000087e80000)
 Metaspace       used 15796K, capacity 16016K, committed 16256K, reserved 1062912K
  class space    used 2033K, capacity 2114K, committed 2176K, reserved 1048576K
Event: 16.097 GC heap after
Heap after GC invocations=17 (full 0):
 PSYoungGen      total 17920K, used 128K [0x00000000d5580000, 0x00000000d6b80000, 0x0000000100000000)
  eden space 17408K, 0% used [0x00000000d5580000,0x00000000d5580000,0x00000000d6680000)
  from space 512K, 25% used [0x00000000d6700000,0x00000000d6720000,0x00000000d6780000)
  to   space 2560K, 0% used [0x00000000d6900000,0x00000000d6900000,0x00000000d6b80000)
 ParOldGen       total 129536K, used 4003K [0x0000000080000000, 0x0000000087e80000, 0x00000000d5580000)
  object space 129536K, 3% used [0x0000000080000000,0x00000000803e8d00,0x0000000087e80000)
 Metaspace       used 15796K, capacity 16016K, committed 16256K, reserved 1062912K
  class space    used 2033K, capacity 2114K, committed 2176K, reserved 1048576K
}
Event: 18.246 GC heap before
{Heap before GC invocations=18 (full 0):
 PSYoungGen      total 17920K, used 17536K [0x00000000d5580000, 0x00000000d6b80000, 0x0000000100000000)
  eden space 17408K, 100% used [0x00000000d5580000,0x00000000d6680000,0x00000000d6680000)
  from space 512K, 25% used [0x00000000d6700000,0x00000000d6720000,0x00000000d6780000)
  to   space 2560K, 0% used [0x00000000d6900000,0x00000000d6900000,0x00000000d6b80000)
 ParOldGen       total 129536K, used 4003K [0x0000000080000000, 0x0000000087e80000, 0x00000000d5580000)
  object space 129536K, 3% used [0x0000000080000000,0x00000000803e8d00,0x0000000087e80000)
 Metaspace       used 15808K, capacity 16080K, committed 16512K, reserved 1062912K
  class space    used 2033K, capacity 2114K, committed 2176K, reserved 1048576K
Event: 18.246 GC heap after
Heap after GC invocations=18 (full 0):
 PSYoungGen      total 18944K, used 96K [0x00000000d5580000, 0x00000000d6b00000, 0x0000000100000000)
  eden space 16896K, 0% used [0x00000000d5580000,0x00000000d5580000,0x00000000d6600000)
  from space 2048K, 4% used [0x00000000d6900000,0x00000000d6918000,0x00000000d6b00000)
  to   space 2560K, 0% used [0x00000000d6600000,0x00000000d6600000,0x00000000d6880000)
 ParOldGen       total 129536K, used 4027K [0x0000000080000000, 0x0000000087e80000, 0x00000000d5580000)
  object space 129536K, 3% used [0x0000000080000000,0x00000000803eed00,0x0000000087e80000)
 Metaspace       used 15808K, capacity 16080K, committed 16512K, reserved 1062912K
  class space    used 2033K, capacity 2114K, committed 2176K, reserved 1048576K
}
Event: 20.327 GC heap before
{Heap before GC invocations=19 (full 0):
 PSYoungGen      total 18944K, used 16992K [0x00000000d5580000, 0x00000000d6b00000, 0x0000000100000000)
  eden space 16896K, 100% used [0x00000000d5580000,0x00000000d6600000,0x00000000d6600000)
  from space 2048K, 4% used [0x00000000d6900000,0x00000000d6918000,0x00000000d6b00000)
  to   space 2560K, 0% used [0x00000000d6600000,0x00000000d6600000,0x00000000d6880000)
 ParOldGen       total 129536K, used 4027K [0x0000000080000000, 0x0000000087e80000, 0x00000000d5580000)
  object space 129536K, 3% used [0x0000000080000000,0x00000000803eed00,0x0000000087e80000)
 Metaspace       used 15825K, capacity 16080K, committed 16512K, reserved 1062912K
  class space    used 2033K, capacity 2114K, committed 2176K, reserved 1048576K
Event: 20.328 GC heap after
Heap after GC invocations=19 (full 0):
 PSYoungGen      total 16896K, used 128K [0x00000000d5580000, 0x00000000d6a80000, 0x0000000100000000)
  eden space 16384K, 0% used [0x00000000d5580000,0x00000000d5580000,0x00000000d6580000)
  from space 512K, 25% used [0x00000000d6600000,0x00000000d6620000,0x00000000d6680000)
  to   space 2560K, 0% used [0x00000000d6800000,0x00000000d6800000,0x00000000d6a80000)
 ParOldGen       total 129536K, used 4051K [0x0000000080000000, 0x0000000087e80000, 0x00000000d5580000)
  object space 129536K, 3% used [0x0000000080000000,0x00000000803f4d00,0x0000000087e80000)
 Metaspace       used 15825K, capacity 16080K, committed 16512K, reserved 1062912K
  class space    used 2033K, capacity 2114K, committed 2176K, reserved 1048576K
}

